Build started 5/31/2016 16:23:36.
     1>Project "C:\Users\Luna\Programming Projects\IGMTutorial\Graphics\Fluids\Fluid (Eularian)\Fluid(Eularian)\Fluid(Eularian).vcxproj" on node 2 (Build target(s)).
     1>ClCompile:
         C:\Program Files (x86)\Microsoft Visual Studio 12.0\VC\bin\CL.exe /c /I"C:\Users\Luna\Programming Projects\IGMTutorial\Graphics\Fluids\Fluid (Eularian)\Fluid(Eularian)\\include" /ZI /nologo /W3 /WX- /sdl /Od /Oy- /D _MBCS /Gm /EHsc /RTC1 /MDd /GS /fp:precise /Zc:wchar_t /Zc:forScope /Fo"Debug\\" /Fd"Debug\vc120.pdb" /Gd /TP /analyze- /errorReport:prompt main.cpp
         main.cpp
     1>c:\users\luna\programming projects\igmtutorial\graphics\fluids\fluid (eularian)\fluid(eularian)\main.cpp(222): warning C4244: '=' : conversion from 'double' to 'float', possible loss of data
     1>c:\users\luna\programming projects\igmtutorial\graphics\fluids\fluid (eularian)\fluid(eularian)\main.cpp(223): warning C4244: '=' : conversion from 'double' to 'float', possible loss of data
     1>c:\users\luna\programming projects\igmtutorial\graphics\fluids\fluid (eularian)\fluid(eularian)\main.cpp(224): warning C4244: '=' : conversion from 'double' to 'float', possible loss of data
     1>c:\users\luna\programming projects\igmtutorial\graphics\fluids\fluid (eularian)\fluid(eularian)\main.cpp(225): warning C4244: '=' : conversion from 'double' to 'float', possible loss of data
     1>c:\users\luna\programming projects\igmtutorial\graphics\fluids\fluid (eularian)\fluid(eularian)\main.cpp(240): warning C4244: '=' : conversion from 'double' to 'float', possible loss of data
     1>c:\users\luna\programming projects\igmtutorial\graphics\fluids\fluid (eularian)\fluid(eularian)\main.cpp(241): warning C4244: '=' : conversion from 'double' to 'float', possible loss of data
     1>c:\users\luna\programming projects\igmtutorial\graphics\fluids\fluid (eularian)\fluid(eularian)\main.cpp(242): warning C4244: '=' : conversion from 'double' to 'float', possible loss of data
     1>c:\users\luna\programming projects\igmtutorial\graphics\fluids\fluid (eularian)\fluid(eularian)\main.cpp(243): warning C4244: '=' : conversion from 'double' to 'float', possible loss of data
     1>c:\users\luna\programming projects\igmtutorial\graphics\fluids\fluid (eularian)\fluid(eularian)\main.cpp(251): warning C4244: '=' : conversion from 'double' to 'float', possible loss of data
     1>c:\users\luna\programming projects\igmtutorial\graphics\fluids\fluid (eularian)\fluid(eularian)\main.cpp(252): warning C4244: '=' : conversion from 'double' to 'float', possible loss of data
     1>c:\users\luna\programming projects\igmtutorial\graphics\fluids\fluid (eularian)\fluid(eularian)\main.cpp(253): warning C4244: '=' : conversion from 'double' to 'float', possible loss of data
     1>c:\users\luna\programming projects\igmtutorial\graphics\fluids\fluid (eularian)\fluid(eularian)\main.cpp(254): warning C4244: '=' : conversion from 'double' to 'float', possible loss of data
     1>c:\users\luna\programming projects\igmtutorial\graphics\fluids\fluid (eularian)\fluid(eularian)\main.cpp(337): warning C4305: '=' : truncation from 'double' to 'float'
     1>c:\users\luna\programming projects\igmtutorial\graphics\fluids\fluid (eularian)\fluid(eularian)\main.cpp(430): warning C4244: '=' : conversion from 'float' to 'int', possible loss of data
     1>c:\users\luna\programming projects\igmtutorial\graphics\fluids\fluid (eularian)\fluid(eularian)\main.cpp(431): warning C4244: '=' : conversion from 'float' to 'int', possible loss of data
     1>c:\users\luna\programming projects\igmtutorial\graphics\fluids\fluid (eularian)\fluid(eularian)\main.cpp(624): warning C4244: 'argument' : conversion from 'double' to 'float', possible loss of data
       Link:
         C:\Program Files (x86)\Microsoft Visual Studio 12.0\VC\bin\link.exe /ERRORREPORT:PROMPT /OUT:"C:\Users\Luna\Programming Projects\IGMTutorial\Graphics\Fluids\Fluid (Eularian)\Debug\Fluid(Eularian).exe" /INCREMENTAL /NOLOGO /LIBPATH:"C:\Users\Luna\Programming Projects\IGMTutorial\Graphics\Fluids\Fluid (Eularian)\Fluid(Eularian)\\lib" opengl32.lib glew32.lib glfw3.lib kernel32.lib user32.lib gdi32.lib winspool.lib comdlg32.lib advapi32.lib shell32.lib ole32.lib oleaut32.lib uuid.lib odbc32.lib odbccp32.lib /MANIFEST /MANIFESTUAC:"level='asInvoker' uiAccess='false'" /manifest:embed /DEBUG /PDB:"C:\Users\Luna\Programming Projects\IGMTutorial\Graphics\Fluids\Fluid (Eularian)\Debug\Fluid(Eularian).pdb" /TLBID:1 /DYNAMICBASE /NXCOMPAT /IMPLIB:"C:\Users\Luna\Programming Projects\IGMTutorial\Graphics\Fluids\Fluid (Eularian)\Debug\Fluid(Eularian).lib" /MACHINE:X86 Debug\main.obj
     1>LINK : warning LNK4098: defaultlib 'MSVCRT' conflicts with use of other libs; use /NODEFAULTLIB:library
         Fluid(Eularian).vcxproj -> C:\Users\Luna\Programming Projects\IGMTutorial\Graphics\Fluids\Fluid (Eularian)\Debug\Fluid(Eularian).exe
     1>Done Building Project "C:\Users\Luna\Programming Projects\IGMTutorial\Graphics\Fluids\Fluid (Eularian)\Fluid(Eularian)\Fluid(Eularian).vcxproj" (Build target(s)).

Build succeeded.

Time Elapsed 00:00:01.22
